POST /api/v1/user/login 200 833 - 344.552 ms [5/10/2023, 11:03:02 PM IST]
POST /api/v1/user/createPost 404 1152 - 1.728 ms [5/10/2023, 11:03:20 PM IST]
POST /api/v1/user/post/createPost 404 1162 - 2.107 ms [5/10/2023, 11:03:27 PM IST]
POST /api/v1/post/createPost 400 33 - 4.656 ms [5/10/2023, 11:03:35 PM IST]
POST /api/v1/post/createPost 400 39 - 3.283 ms [5/10/2023, 11:03:46 PM IST]
POST /api/v1/post/createPost 400 54 - 1.569 ms [5/10/2023, 11:03:51 PM IST]
POST /api/v1/post/createPost 400 34 - 2.318 ms [5/10/2023, 11:04:09 PM IST]
POST /api/v1/post/createPost 200 393 - 25.040 ms [5/10/2023, 11:04:28 PM IST]
POST /api/v1/post/createPost 200 353 - 17.783 ms [5/10/2023, 11:06:11 PM IST]
POST /api/v1/post/createPost 200 353 - 22.719 ms [5/10/2023, 11:07:54 PM IST]
POST /api/v1/post/createPost 200 626 - 530.520 ms [5/10/2023, 11:08:26 PM IST]
POST /api/v1/post/createPost 200 626 - 482.892 ms [5/10/2023, 11:09:19 PM IST]
POST /api/v1/user/login 200 833 - 444.255 ms [5/11/2023, 2:01:58 PM IST]
POST /api/v1/post/createPost 200 48 - 87.075 ms [5/11/2023, 2:04:23 PM IST]
POST /api/v1/post/createPost 200 667 - 2845.500 ms [5/11/2023, 2:05:26 PM IST]
POST /api/v1/post/createPost 200 76 - 2796.609 ms [5/11/2023, 2:09:46 PM IST]
POST /api/v1/post/createPost 200 76 - 2525.161 ms [5/11/2023, 2:10:16 PM IST]
POST /api/v1/post/createPost 200 667 - 4250.232 ms [5/11/2023, 2:11:01 PM IST]
POST /api/v1/post/createPost 200 76 - 2028.553 ms [5/11/2023, 2:11:22 PM IST]
POST /api/v1/post/createPost 401 51 - 9.015 ms [5/11/2023, 2:12:10 PM IST]
POST /api/v1/user/login 200 833 - 437.190 ms [5/11/2023, 2:12:14 PM IST]
POST /api/v1/post/createPost 200 667 - 2868.957 ms [5/11/2023, 2:12:32 PM IST]
POST /api/v1/post/createPost 200 667 - 2330.464 ms [5/11/2023, 2:12:49 PM IST]
GET /api/v1/post/allPost 200 2299 - 2500.133 ms [5/11/2023, 2:19:23 PM IST]
GET /api/v1/post/post/645caa8926ed8904d31c2412 200 1189 - 590.304 ms [5/11/2023, 2:27:06 PM IST]
GET /api/v1/post/post/645caa8926ed8904d31c2412 200 1189 - 612.951 ms [5/11/2023, 2:31:54 PM IST]
GET /api/v1/post/post/645caa8926ed8904d31c2412 200 1189 - 576.849 ms [5/11/2023, 2:32:26 PM IST]
PUT /api/v1/post/updatePost/645caa8926ed8904d31c2412 401 37 - 4.386 ms [5/11/2023, 3:06:51 PM IST]
POST /api/v1/user/login 200 833 - 434.285 ms [5/11/2023, 3:07:47 PM IST]
PUT /api/v1/post/updatePost/645caa8926ed8904d31c2412 200 518 - 703.912 ms [5/11/2023, 3:08:09 PM IST]
POST /api/v1/user/login 200 833 - 458.466 ms [5/11/2023, 3:18:50 PM IST]
DELETE /api/v1/post/deletePost/645caa8926ed8904d31c2412 200 517 - 583.034 ms [5/11/2023, 3:19:09 PM IST]
DELETE /api/v1/post/deletePost/645caa8926ed8904d31c2412 404 26 - 283.542 ms [5/11/2023, 3:19:14 PM IST]
DELETE /api/v1/post/deletePost/645caa8926ed8904d31c2412 404 51 - 4059.525 ms [5/11/2023, 3:19:46 PM IST]
DELETE /api/v1/post/deletePost/645caa8926ed8904d31c2412 404 51 - 333.105 ms [5/11/2023, 3:19:51 PM IST]
